1752057624086837,-1,0,1,load-ckpt-1,B
1752057625088389,-1,0,1,load-ckpt-1,E
1752057625088764,-1,0,1,number of samples,B
1752057625088821,-1,0,1,rollout-samples-1,B
1752057625088938,-1,0,1,load-ckpt-2,B
1752057626090349,-1,0,1,load-ckpt-2,E
1752057645099362,-1,0,1,rollout-samples-1,E
1752057645099548,-1,0,1,number of samples,E
1752057645099683,-1,0,1,make_experiences-1,B
1752057645099801,-1,0,1,number of samples,B
1752057645099877,-1,0,1,rollout-samples-2,B
1752057647102171,-1,0,1,make_experiences-1,E
1752057647102490,-1,0,1,save-experiences-actor-critic-1,B
1752057647102574,-1,0,1,save-experiences-actor-critic-1,E
1752057647102667,-1,0,1,train-actor-critic-1,B
1752057662116527,-1,0,1,train-actor-critic-1,E
1752057662116712,-1,0,1,save_train_info-1,B
1752057662116895,-1,0,1,save_train_info-1,E
1752057665103220,-1,0,1,rollout-samples-2,E
1752057665103382,-1,0,1,number of samples,E
1752057665103528,-1,0,1,make_experiences-2,B
1752057667105819,-1,0,1,make_experiences-2,E
1752057667106120,-1,0,1,save-experiences-actor-critic-2,B
1752057667106267,-1,0,1,save-experiences-actor-critic-2,E
1752057667106394,-1,0,1,train-actor-critic-2,B
1752057682120317,-1,0,1,train-actor-critic-2,E
1752057682120617,-1,0,1,save_train_info-2,B
1752057682120859,-1,0,1,save_train_info-2,E
